<?xml version="1.0" encoding="UTF-8"?>
<!-- Generated by org.testng.reporters.JUnitReportReporter -->
<testsuite hostname="inellipse" failures="0" tests="30" name="ui.TestAllGymnastics" time="0.367" errors="1" timestamp="2024-04-04T16:36:02 CEST" skipped="29">
  <testcase classname="ui.TestAllGymnastics" name="Prerequisites" time="0.365">
    <error message="Could not start a new session. Possible causes are invalid address of the remote server or browser start-up failure. 
Host info: host: &#039;inellipse&#039;, ip: &#039;127.0.1.1&#039;
Build info: version: &#039;4.19.1&#039;, revision: &#039;abe0ee07dc&#039;
System info: os.name: &#039;Linux&#039;, os.arch: &#039;amd64&#039;, os.version: &#039;6.5.0-26-generic&#039;, java.version: &#039;17.0.10&#039;
Driver info: org.openqa.selenium.chrome.ChromeDriver
Command: [null, newSession {capabilities=[Capabilities {browserName: chrome, goog:chromeOptions: {args: [], extensions: []}}]}]" type="org.openqa.selenium.SessionNotCreatedException">
      <![CDATA[org.openqa.selenium.SessionNotCreatedException: Could not start a new session. Possible causes are invalid address of the remote server or browser start-up failure. 
Host info: host: 'inellipse', ip: '127.0.1.1'
Build info: version: '4.19.1', revision: 'abe0ee07dc'
System info: os.name: 'Linux', os.arch: 'amd64', os.version: '6.5.0-26-generic', java.version: '17.0.10'
Driver info: org.openqa.selenium.chrome.ChromeDriver
Command: [null, newSession {capabilities=[Capabilities {browserName: chrome, goog:chromeOptions: {args: [], extensions: []}}]}]
at org.openqa.selenium.remote.RemoteWebDriver.execute(RemoteWebDriver.java:536)
at org.openqa.selenium.remote.RemoteWebDriver.startSession(RemoteWebDriver.java:232)
at org.openqa.selenium.remote.RemoteWebDriver.<init>(RemoteWebDriver.java:161)
at org.openqa.selenium.chromium.ChromiumDriver.<init>(ChromiumDriver.java:114)
at org.openqa.selenium.chrome.ChromeDriver.<init>(ChromeDriver.java:89)
at org.openqa.selenium.chrome.ChromeDriver.<init>(ChromeDriver.java:84)
at org.openqa.selenium.chrome.ChromeDriver.<init>(ChromeDriver.java:52)
at ui.TestAllGymnastics.Prerequisites(TestAllGymnastics.java:39)
at java.base/jdk.internal.reflect.NativeMethodAccessorImpl.invoke0(Native Method)
at java.base/jdk.internal.reflect.NativeMethodAccessorImpl.invoke(NativeMethodAccessorImpl.java:77)
at java.base/jdk.internal.reflect.DelegatingMethodAccessorImpl.invoke(DelegatingMethodAccessorImpl.java:43)
at java.base/java.lang.reflect.Method.invoke(Method.java:568)
at org.testng.internal.invokers.MethodInvocationHelper.invokeMethod(MethodInvocationHelper.java:139)
at org.testng.internal.invokers.MethodInvocationHelper.invokeMethodConsideringTimeout(MethodInvocationHelper.java:69)
at org.testng.internal.invokers.ConfigInvoker.invokeConfigurationMethod(ConfigInvoker.java:393)
at org.testng.internal.invokers.ConfigInvoker.invokeConfigurations(ConfigInvoker.java:326)
at org.testng.TestRunner.invokeTestConfigurations(TestRunner.java:661)
at org.testng.TestRunner.beforeRun(TestRunner.java:650)
at org.testng.TestRunner.run(TestRunner.java:612)
at org.testng.SuiteRunner.runTest(SuiteRunner.java:443)
at org.testng.SuiteRunner.runSequentially(SuiteRunner.java:437)
at org.testng.SuiteRunner.privateRun(SuiteRunner.java:397)
at org.testng.SuiteRunner.run(SuiteRunner.java:336)
at org.testng.SuiteRunnerWorker.runSuite(SuiteRunnerWorker.java:52)
at org.testng.SuiteRunnerWorker.run(SuiteRunnerWorker.java:95)
at org.testng.TestNG.runSuitesSequentially(TestNG.java:1301)
at org.testng.TestNG.runSuitesLocally(TestNG.java:1228)
at org.testng.TestNG.runSuites(TestNG.java:1134)
at org.testng.TestNG.run(TestNG.java:1101)
at org.testng.remote.AbstractRemoteTestNG.run(AbstractRemoteTestNG.java:115)
at org.testng.remote.RemoteTestNG.initAndRun(RemoteTestNG.java:251)
at org.testng.remote.RemoteTestNG.main(RemoteTestNG.java:77)
Caused by: java.lang.NoSuchMethodError: 'org.openqa.selenium.remote.http.Contents$Supplier org.openqa.selenium.remote.http.Contents.asJson(java.lang.Object)'
at org.openqa.selenium.remote.NewSessionPayload.create(NewSessionPayload.java:99)
at org.openqa.selenium.remote.NewSessionPayload.create(NewSessionPayload.java:84)
at org.openqa.selenium.remote.ProtocolHandshake.createSession(ProtocolHandshake.java:60)
at org.openqa.selenium.remote.HttpCommandExecutor.execute(HttpCommandExecutor.java:162)
at org.openqa.selenium.remote.service.DriverCommandExecutor.invokeExecute(DriverCommandExecutor.java:216)
at org.openqa.selenium.remote.service.DriverCommandExecutor.execute(DriverCommandExecutor.java:174)
at org.openqa.selenium.remote.RemoteWebDriver.execute(RemoteWebDriver.java:518)
... 31 more
]]>
    </error>
  </testcase> <!-- Prerequisites -->
  <testcase classname="ui.TestAllGymnastics" name="StartLoginTest" time="0.000">
    <skipped/>
  </testcase> <!-- StartLoginTest -->
  <testcase classname="ui.TestAllGymnastics" name="EmptyMailLoginTest" time="0.000">
    <skipped/>
  </testcase> <!-- EmptyMailLoginTest -->
  <testcase classname="ui.TestAllGymnastics" name="EmptyPasswordLoginTest" time="0.000">
    <skipped/>
  </testcase> <!-- EmptyPasswordLoginTest -->
  <testcase classname="ui.TestAllGymnastics" name="EmptyMailPasswordLoginTest" time="0.000">
    <skipped/>
  </testcase> <!-- EmptyMailPasswordLoginTest -->
  <testcase classname="ui.TestAllGymnastics" name="WrongUserCorrectPasswordLoginTest" time="0.000">
    <skipped/>
  </testcase> <!-- WrongUserCorrectPasswordLoginTest -->
  <testcase classname="ui.TestAllGymnastics" name="CorrectUserWrongPasswordLoginTest" time="0.000">
    <skipped/>
  </testcase> <!-- CorrectUserWrongPasswordLoginTest -->
  <testcase classname="ui.TestAllGymnastics" name="WrongUserWrongPasswordLoginTest" time="0.000">
    <skipped/>
  </testcase> <!-- WrongUserWrongPasswordLoginTest -->
  <testcase classname="ui.TestAllGymnastics" name="SuccessfulLoginTest" time="0.000">
    <skipped/>
  </testcase> <!-- SuccessfulLoginTest -->
  <testcase classname="ui.TestAllGymnastics" name="MyAccountTest" time="0.000">
    <skipped/>
  </testcase> <!-- MyAccountTest -->
  <testcase classname="ui.TestAllGymnastics" name="LogoutTest" time="0.000">
    <skipped/>
  </testcase> <!-- LogoutTest -->
  <testcase classname="ui.TestAllGymnastics" name="StartForgotPasswordTest" time="0.000">
    <skipped/>
  </testcase> <!-- StartForgotPasswordTest -->
  <testcase classname="ui.TestAllGymnastics" name="EmptyMailTest" time="0.000">
    <skipped/>
  </testcase> <!-- EmptyMailTest -->
  <testcase classname="ui.TestAllGymnastics" name="WrongFormatMailTest" time="0.000">
    <skipped/>
  </testcase> <!-- WrongFormatMailTest -->
  <testcase classname="ui.TestAllGymnastics" name="NotExistingMailTest" time="0.000">
    <skipped/>
  </testcase> <!-- NotExistingMailTest -->
  <testcase classname="ui.TestAllGymnastics" name="CancelButtonTest" time="0.000">
    <skipped/>
  </testcase> <!-- CancelButtonTest -->
  <testcase classname="ui.TestAllGymnastics" name="SubscribeButtonTest" time="0.000">
    <skipped/>
  </testcase> <!-- SubscribeButtonTest -->
  <testcase classname="ui.TestAllGymnastics" name="CheckSubscribeFieldsTest" time="0.000">
    <skipped/>
  </testcase> <!-- CheckSubscribeFieldsTest -->
  <testcase classname="ui.TestAllGymnastics" name="SubscribeEmptyFieldsTest" time="0.000">
    <skipped/>
  </testcase> <!-- SubscribeEmptyFieldsTest -->
  <testcase classname="ui.TestAllGymnastics" name="SubscribeBadFormatedMailTest" time="0.001">
    <skipped/>
  </testcase> <!-- SubscribeBadFormatedMailTest -->
  <testcase classname="ui.TestAllGymnastics" name="SubscribeShortPasswordTest" time="0.000">
    <skipped/>
  </testcase> <!-- SubscribeShortPasswordTest -->
  <testcase classname="ui.TestAllGymnastics" name="SubscribeShortConfirmPasswordTest" time="0.000">
    <skipped/>
  </testcase> <!-- SubscribeShortConfirmPasswordTest -->
  <testcase classname="ui.TestAllGymnastics" name="SubscribeNotMatchedPasswordTest" time="0.000">
    <skipped/>
  </testcase> <!-- SubscribeNotMatchedPasswordTest -->
  <testcase classname="ui.TestAllGymnastics" name="SubscribeEnterCountryTest" time="0.000">
    <skipped/>
  </testcase> <!-- SubscribeEnterCountryTest -->
  <testcase classname="ui.TestAllGymnastics" name="SubscribeEnterFirstNameTest" time="0.001">
    <skipped/>
  </testcase> <!-- SubscribeEnterFirstNameTest -->
  <testcase classname="ui.TestAllGymnastics" name="SubscribeEnterLastNameTest" time="0.000">
    <skipped/>
  </testcase> <!-- SubscribeEnterLastNameTest -->
  <testcase classname="ui.TestAllGymnastics" name="SubscribeExistedUserTest" time="0.000">
    <skipped/>
  </testcase> <!-- SubscribeExistedUserTest -->
  <testcase classname="ui.TestAllGymnastics" name="SubscribeCreateNewUserTest" time="0.000">
    <skipped/>
  </testcase> <!-- SubscribeCreateNewUserTest -->
  <testcase classname="ui.TestAllGymnastics" name="SuccessfulFacebookLoginTest">
    <skipped/>
  </testcase> <!-- SuccessfulFacebookLoginTest -->
  <testcase classname="ui.TestAllGymnastics" name="SuccessfulGoogleLoginTest">
    <skipped/>
  </testcase> <!-- SuccessfulGoogleLoginTest -->
</testsuite> <!-- ui.TestAllGymnastics -->
